<?xml version="1.0" encoding="UTF-8"?>
<testsuite name="com.rts.DemoStarterApplicationTests" tests="1" skipped="0" failures="0" errors="0" timestamp="2018-09-22T08:53:11" hostname="YPHANIKUMAR" time="0.003">
  <properties/>
  <testcase name="contextLoads" classname="com.rts.DemoStarterApplicationTests" time="0.003"/>
  <system-out><![CDATA[2018-09-22 14:23:11.710  INFO 2288 --- [    Test worker] .b.t.c.SpringBootTestContextBootstrapper : Neither @ContextConfiguration nor @ContextHierarchy found for test class [com.rts.DemoStarterApplicationTests], using SpringBootContextLoader
2018-09-22 14:23:11.710  INFO 2288 --- [    Test worker] o.s.t.c.support.AbstractContextLoader    : Could not detect default resource locations for test class [com.rts.DemoStarterApplicationTests]: no resource found for suffixes {-context.xml, Context.groovy}.
2018-09-22 14:23:11.719  INFO 2288 --- [    Test worker] .b.t.c.SpringBootTestContextBootstrapper : Loaded default TestExecutionListener class names from location [META-INF/spring.factories]: [org.springframework.boot.test.autoconfigure.restdocs.RestDocsTestExecutionListener, org.springframework.boot.test.autoconfigure.web.client.MockRestServiceServerResetTestExecutionListener, org.springframework.boot.test.autoconfigure.web.servlet.MockMvcPrintOnlyOnFailureTestExecutionListener, org.springframework.boot.test.autoconfigure.web.servlet.WebDriverTestExecutionListener, org.springframework.boot.test.mock.mockito.MockitoTestExecutionListener, org.springframework.boot.test.mock.mockito.ResetMocksTestExecutionListener, org.springframework.test.context.web.ServletTestExecutionListener, org.springframework.test.context.support.DirtiesContextBeforeModesTestExecutionListener, org.springframework.test.context.support.DependencyInjectionTestExecutionListener, org.springframework.test.context.support.DirtiesContextTestExecutionListener, org.springframework.test.context.transaction.TransactionalTestExecutionListener, org.springframework.test.context.jdbc.SqlScriptsTestExecutionListener]
2018-09-22 14:23:11.719  INFO 2288 --- [    Test worker] .b.t.c.SpringBootTestContextBootstrapper : Using TestExecutionListeners: [org.springframework.test.context.web.ServletTestExecutionListener@137fa25a, org.springframework.test.context.support.DirtiesContextBeforeModesTestExecutionListener@78651862, org.springframework.boot.test.mock.mockito.MockitoTestExecutionListener@79127118, org.springframework.boot.test.autoconfigure.SpringBootDependencyInjectionTestExecutionListener@1807f55f, org.springframework.test.context.support.DirtiesContextTestExecutionListener@7604e977, org.springframework.boot.test.autoconfigure.restdocs.RestDocsTestExecutionListener@267249dd, org.springframework.boot.test.autoconfigure.web.client.MockRestServiceServerResetTestExecutionListener@4c0276ba, org.springframework.boot.test.autoconfigure.web.servlet.MockMvcPrintOnlyOnFailureTestExecutionListener@6b88df68, org.springframework.boot.test.autoconfigure.web.servlet.WebDriverTestExecutionListener@3a96cc3f, org.springframework.boot.test.mock.mockito.ResetMocksTestExecutionListener@e9e5611]
]]></system-out>
  <system-err><![CDATA[]]></system-err>
</testsuite>
